<?xml version="1.0" encoding="UTF-8"?>
<!-- Generated by org.testng.reporters.JUnitXMLReporter -->
<testsuite hostname="DESKTOP-JD0GGRM" ignored="0" name="Test1" tests="4" failures="0" timestamp="2020-05-13T20:26:16 CDT" time="35.566" errors="0">
  <testcase name="getTitle" time="0.14" classname="E2E2.ValidateTitleTest"/>
  <testcase name="getNavigation" time="0.412" classname="E2E2.ValidateNavigationBarTest"/>
  <testcase name="HomePageNavigation" time="15.651" classname="E2E2.HomePageTest"/>
  <testcase name="HomePageNavigation" time="13.705" classname="E2E2.HomePageTest"/>
</testsuite> <!-- Test1 -->
