<?xml version="1.0" encoding="UTF-8"?>
<!-- Generated by org.testng.reporters.JUnitXMLReporter -->
<testsuite hostname="DESKTOP-JD0GGRM" ignored="0" name="Validate Title" tests="1" failures="1" timestamp="2020-05-15T01:51:02 CDT" time="10.604" errors="0">
  <testcase name="getTitle" time="0.078" classname="E2E2.ValidateTitleTest">
    <failure type="java.lang.AssertionError" message="expected [FEATURED CO123URSES] but found [FEATURED COURSES]">
      <![CDATA[java.lang.AssertionError: expected [FEATURED CO123URSES] but found [FEATURED COURSES]
at E2E2.ValidateTitleTest.getTitle(ValidateTitleTest.java:41)
at java.util.ArrayList.forEach(Unknown Source)
... Removed 32 stack frames]]>
    </failure>
  </testcase> <!-- getTitle -->
</testsuite> <!-- Validate Title -->
