<?xml version="1.0" encoding="UTF-8"?>
<!-- Generated by org.testng.reporters.JUnitXMLReporter -->
<testsuite hostname="DESKTOP-JD0GGRM" ignored="0" name="Validate the login page" tests="4" failures="1" timestamp="2020-05-15T01:54:55 CDT" time="28.074" errors="0">
  <testcase name="getNavigation" time="0.297" classname="E2E2.ValidateNavigationBarTest"/>
  <testcase name="getTitle" time="0.591" classname="E2E2.ValidateTitleTest">
    <failure type="java.lang.AssertionError" message="expected [FEATURED CO123URSES] but found [FEATURED COURSES]">
      <![CDATA[java.lang.AssertionError: expected [FEATURED CO123URSES] but found [FEATURED COURSES]
at E2E2.ValidateTitleTest.getTitle(ValidateTitleTest.java:41)
at java.util.ArrayList.forEach(Unknown Source)
at java.util.concurrent.FutureTask.run(Unknown Source)
at java.util.concurrent.ThreadPoolExecutor.runWorker(Unknown Source)
at java.util.concurrent.ThreadPoolExecutor$Worker.run(Unknown Source)
at java.lang.Thread.run(Unknown Source)
... Removed 23 stack frames]]>
    </failure>
  </testcase> <!-- getTitle -->
  <testcase name="HomePageNavigation" time="15.755" classname="E2E2.HomePageTest"/>
  <testcase name="HomePageNavigation" time="6.079" classname="E2E2.HomePageTest"/>
</testsuite> <!-- Validate the login page -->
