<?xml version="1.0" encoding="UTF-8"?>
<!-- Generated by org.testng.reporters.JUnitXMLReporter -->
<testsuite ignored="0" hostname="DESKTOP-JD0GGRM" failures="0" tests="4" name="Test1" time="22.946" errors="0" timestamp="2020-05-13T00:29:39 CDT">
  <testcase classname="E2E2.validateNavigationBar" name="getNavigation" time="0.138"/>
  <testcase classname="E2E2.validateTitle" name="getTitle" time="0.072"/>
  <testcase classname="E2E2.HomePage" name="HomePageNavigation" time="12.98"/>
  <testcase classname="E2E2.HomePage" name="HomePageNavigation" time="5.014"/>
</testsuite> <!-- Test1 -->
