<?xml version="1.0" encoding="UTF-8"?>
<!-- Generated by org.testng.reporters.JUnitXMLReporter -->
<testsuite ignored="0" hostname="DESKTOP-JD0GGRM" failures="0" tests="4" name="Validate Navigation Bar" time="16.778" errors="0" timestamp="2020-05-15T01:29:04 CDT">
  <testcase classname="E2E2.ValidateNavigationBarTest" name="getNavigation" time="0.19"/>
  <testcase classname="E2E2.ValidateTitleTest" name="getTitle" time="0.14"/>
  <testcase classname="E2E2.HomePageTest" name="HomePageNavigation" time="0.0">
    <skipped/>
  </testcase> <!-- HomePageNavigation -->
  <testcase classname="E2E2.HomePageTest" name="HomePageNavigation" time="0.0">
    <skipped/>
  </testcase> <!-- HomePageNavigation -->
</testsuite> <!-- Validate Navigation Bar -->
