<?xml version="1.0" encoding="UTF-8"?>
<!-- Generated by org.testng.reporters.JUnitXMLReporter -->
<testsuite ignored="0" hostname="DESKTOP-JD0GGRM" failures="0" tests="4" name="Validate the login page" time="25.825" errors="0" timestamp="2020-05-15T01:30:11 CDT">
  <testcase classname="E2E2.ValidateNavigationBarTest" name="getNavigation" time="0.174"/>
  <testcase classname="E2E2.ValidateTitleTest" name="getTitle" time="0.115"/>
  <testcase classname="E2E2.HomePageTest" name="HomePageNavigation" time="14.506"/>
  <testcase classname="E2E2.HomePageTest" name="HomePageNavigation" time="5.914"/>
</testsuite> <!-- Validate the login page -->
