<?xml version="1.0" encoding="UTF-8"?>
<!-- Generated by org.testng.reporters.JUnitXMLReporter -->
<testsuite ignored="0" hostname="DESKTOP-JD0GGRM" failures="1" tests="4" name="Validate login page" time="28.31" errors="0" timestamp="2020-05-15T17:23:32 CDT">
  <testcase classname="E2E2.ValidateNavigationBarTest" name="getNavigation" time="0.178"/>
  <testcase classname="E2E2.ValidateTitleTest" name="getTitle" time="0.107">
    <failure type="java.lang.AssertionError" message="expected [FEATURED CO123URSES] but found [FEATURED COURSES]">
      <![CDATA[java.lang.AssertionError: expected [FEATURED CO123URSES] but found [FEATURED COURSES]
at E2E2.ValidateTitleTest.getTitle(ValidateTitleTest.java:39)
at java.base/java.util.ArrayList.forEach(ArrayList.java:1510)
at java.base/java.util.concurrent.FutureTask.run(FutureTask.java:264)
at java.base/java.util.concurrent.ThreadPoolExecutor.runWorker(ThreadPoolExecutor.java:1130)
at java.base/java.util.concurrent.ThreadPoolExecutor$Worker.run(ThreadPoolExecutor.java:630)
at java.base/java.lang.Thread.run(Thread.java:832)
... Removed 23 stack frames]]>
    </failure>
  </testcase> <!-- getTitle -->
  <testcase classname="E2E2.HomePageTest" name="HomePageNavigation" time="15.881"/>
  <testcase classname="E2E2.HomePageTest" name="HomePageNavigation" time="6.842"/>
</testsuite> <!-- Validate login page -->
