<?xml version="1.0" encoding="UTF-8"?>
<!-- Generated by org.testng.reporters.JUnitXMLReporter -->
<testsuite ignored="0" hostname="DESKTOP-JD0GGRM" failures="0" tests="3" name="Validating title in the Page" time="18.833" errors="0" timestamp="2020-05-26T17:33:46 CDT">
  <testcase classname="E2E2.HomePageTest" name="HomePageNavigation" time="0.0">
    <skipped/>
  </testcase> <!-- HomePageNavigation -->
  <testcase classname="E2E2.HomePageTest" name="HomePageNavigation" time="0.0">
    <skipped/>
  </testcase> <!-- HomePageNavigation -->
  <testcase classname="E2E2.validateTitleTest" name="getTitle" time="0.0">
    <skipped/>
  </testcase> <!-- getTitle -->
</testsuite> <!-- Validating title in the Page -->
